This is pdfTeX, Version 3.14159265-2.6-1.40.21 (TeX Live 2020) (preloaded format=latex 2020.4.7)  18 DEC 2020 18:07
entering extended mode
 restricted \write18 enabled.
 %&-line parsing enabled.
**\makeatletter\def\HCode{\futurelet\HCode\HChar}\def\HChar{\ifx"\HCode\def\HCo
de"##1"{\Link##1}\expandafter\HCode\else\expandafter\Link\fi}\def\Link#1.a.b.c.
{\g@addto@macro\@documentclasshook{\RequirePackage[#1,html]{tex4ht}}\let\HCode\
documentstyle\def\documentstyle{\let\documentstyle\HCode\expandafter\def\csname
 tex4ht\endcsname{#1,html}\def\HCode####1{\documentstyle[tex4ht,}\@ifnextchar[{
\HCode}{\documentstyle[tex4ht]}}}\makeatother\HCode configfile.cfg.a.b.c.\input
  ManualChessCombVol2.tex
 (./ManualChessCombVol2.tex
(/usr/local/texlive/2020/texmf-dist/tex/latex/base/book.cls
Document Class: book 2019/12/20 v1.4l Standard LaTeX document class
(/usr/local/texlive/2020/texmf-dist/tex/latex/base/bk10.clo
File: bk10.clo 2019/12/20 v1.4l Standard LaTeX file (size option)
)
\c@part=\count167
\c@chapter=\count168
\c@section=\count169
\c@subsection=\count170
\c@subsubsection=\count171
\c@paragraph=\count172
\c@subparagraph=\count173
\c@figure=\count174
\c@table=\count175
\abovecaptionskip=\skip47
\belowcaptionskip=\skip48
\bibindent=\dimen134
)
(/usr/local/texlive/2020/texmf-dist/tex/generic/tex4ht/tex4ht.sty
version 2020-02-18-14:17
Package: tex4ht 
--------------------------------------
--- Note --- for _ at preamble, use the command line option `early_'
--------------------------------------
--------------------------------------
--- Note --- for ^ at preamble, use the command line option `early^'
--------------------------------------
\tmp:toks=\toks15
)
(/usr/local/texlive/2020/texmf-dist/tex/generic/tex4ht/usepackage.4ht
version 2020-03-12-14:03
)
(/usr/local/texlive/2020/texmf-dist/tex/latex/skak/skak.sty
Package: skak 2018/01/08 v1.5.3 Chess typesetting

(/usr/local/texlive/2020/texmf-dist/tex/latex/chessfss/chessfss.sty
Package: chessfss 2006/06/14 v1.2a chess font selection scheme

(/usr/local/texlive/2020/texmf-dist/tex/latex/base/ifthen.sty
Package: ifthen 2014/09/29 v1.1c Standard LaTeX ifthen package (DPC)
)
(/usr/local/texlive/2020/texmf-dist/tex/latex/xkeyval/xkeyval.sty
Package: xkeyval 2014/12/03 v2.7a package option processing (HA)

(/usr/local/texlive/2020/texmf-dist/tex/generic/xkeyval/xkeyval.tex
(/usr/local/texlive/2020/texmf-dist/tex/generic/xkeyval/xkvutils.tex
\XKV@toks=\toks16
\XKV@tempa@toks=\toks17

(/usr/local/texlive/2020/texmf-dist/tex/generic/xkeyval/keyval.tex))
\XKV@depth=\count176
File: xkeyval.tex 2014/12/03 v2.7a key=value parser (HA)
))
(/usr/local/texlive/2020/texmf-dist/tex/latex/chessfss/lsbenc.def
File: lsbenc.def 2006/06/09 v1.2 Standard LaTeX file
Now handling font encoding LSB ...
... no UTF-8 mapping file for font encoding LSB
)
(/usr/local/texlive/2020/texmf-dist/tex/latex/chessfss/lsfenc.def
File: lsfenc.def 2006/06/09 v1.2 Standard LaTeX file
Now handling font encoding LSF ...
... no UTF-8 mapping file for font encoding LSF
)
(/usr/local/texlive/2020/texmf-dist/tex/latex/chessfss/lsienc.def
File: lsienc.def 2006/06/09 v1.2 Standard LaTeX file
Now handling font encoding LSI ...
... no UTF-8 mapping file for font encoding LSI
)
\len@cfss@squarewidth=\skip49
\len@cfss@squaretotalheight=\skip50
\len@cfss@squaredepth=\skip51
)
(/usr/local/texlive/2020/texmf-dist/tex/plain/lambda-lists/lambda.sty)
(/usr/local/texlive/2020/texmf-dist/tex/latex/tools/calc.sty
Package: calc 2017/05/25 v4.3 Infix arithmetic (KKT,FJ)
\calc@Acount=\count177
\calc@Bcount=\count178
\calc@Adimen=\dimen135
\calc@Bdimen=\dimen136
\calc@Askip=\skip52
\calc@Bskip=\skip53
LaTeX Info: Redefining \setlength on input line 80.
LaTeX Info: Redefining \addtolength on input line 81.
\calc@Ccount=\count179
\calc@Cskip=\skip54
)
(/usr/local/texlive/2020/texmf-dist/tex/latex/base/textcomp.sty
Package: textcomp 2020/02/02 v2.0n Standard LaTeX package
)
(/usr/local/texlive/2020/texmf-dist/tex/latex/pstricks/pstricks.sty
Package: pstricks 2018/12/21 v0.69 LaTeX wrapper for `PSTricks' (RN,HV)

(/usr/local/texlive/2020/texmf-dist/tex/generic/iftex/iftex.sty
Package: iftex 2020/03/06 v1.0d TeX engine tests
)
(/usr/local/texlive/2020/texmf-dist/tex/latex/tools/shellesc.sty
Package: shellesc 2019/11/08 v1.0c unified shell escape interface for LaTeX
Package shellesc Info: Restricted shell escape enabled on input line 77.
)
(/usr/local/texlive/2020/texmf-dist/tex/generic/tex4ht/usepackage.4ht
version 2020-03-12-14:03
)
(/usr/local/texlive/2020/texmf-dist/tex/latex/xcolor/xcolor.sty
Package: xcolor 2016/05/11 v2.12 LaTeX color extensions (UK)

(/usr/local/texlive/2020/texmf-dist/tex/latex/graphics-cfg/color.cfg
File: color.cfg 2016/01/02 v1.6 sample color configuration
)
Package xcolor Info: Driver file: dvips.def on input line 225.

(/usr/local/texlive/2020/texmf-dist/tex/latex/graphics-def/dvips.def
File: dvips.def 2017/06/20 v3.1d Graphics/color driver for dvips
)
Package xcolor Info: Model `cmy' substituted by `cmy0' on input line 1348.
Package xcolor Info: Model `RGB' extended on input line 1364.
Package xcolor Info: Model `HTML' substituted by `rgb' on input line 1366.
Package xcolor Info: Model `Hsb' substituted by `hsb' on input line 1367.
Package xcolor Info: Model `tHsb' substituted by `hsb' on input line 1368.
Package xcolor Info: Model `HSB' substituted by `hsb' on input line 1369.
Package xcolor Info: Model `Gray' substituted by `gray' on input line 1370.
Package xcolor Info: Model `wave' substituted by `hsb' on input line 1371.
)
(/usr/local/texlive/2020/texmf-dist/tex/generic/xkeyval/pst-xkey.tex
File: pst-xkey.tex 2005/11/25 v1.6 PSTricks specialization of xkeyval (HA)
)
(/usr/local/texlive/2020/texmf-dist/tex/generic/pstricks/pstricks.tex
(/usr/local/texlive/2020/texmf-dist/tex/generic/pstricks/pst-fp.tex
`pst-fp' v0.05, 2010/01/17 (hv)
\pstFP@xs=\count180
\pstFP@xia=\count181
\pstFP@xib=\count182
\pstFP@xfa=\count183
\pstFP@xfb=\count184
\pstFP@rega=\count185
\pstFP@regb=\count186
\pstFP@regs=\count187
\pstFP@times=\count188
)
(/usr/local/texlive/2020/texmf-dist/tex/generic/pgf/utilities/pgfutil-common.te
x
\pgfutil@everybye=\toks18
\pgfutil@tempdima=\dimen137
\pgfutil@tempdimb=\dimen138

(/usr/local/texlive/2020/texmf-dist/tex/generic/pgf/utilities/pgfutil-common-li
sts.tex))
(/usr/local/texlive/2020/texmf-dist/tex/generic/pgf/utilities/pgfkeys.code.tex
\pgfkeys@pathtoks=\toks19
\pgfkeys@temptoks=\toks20

(/usr/local/texlive/2020/texmf-dist/tex/generic/pgf/utilities/pgfkeysfiltered.c
ode.tex
\pgfkeys@tmptoks=\toks21
))
(/usr/local/texlive/2020/texmf-dist/tex/generic/pgf/utilities/pgffor.code.tex
Loading pgffor.code.tex
(/usr/local/texlive/2020/texmf-dist/tex/generic/pgf/math/pgfmath.code.tex
(/usr/local/texlive/2020/texmf-dist/tex/generic/pgf/math/pgfmathcalc.code.tex
(/usr/local/texlive/2020/texmf-dist/tex/generic/pgf/math/pgfmathutil.code.tex
\pgf@x=\dimen139
\pgf@xa=\dimen140
\pgf@xb=\dimen141
\pgf@xc=\dimen142
\pgf@y=\dimen143
\pgf@ya=\dimen144
\pgf@yb=\dimen145
\pgf@yc=\dimen146
\c@pgf@counta=\count189
\c@pgf@countb=\count190
\c@pgf@countc=\count191
\c@pgf@countd=\count192
\pgfutil@tempcnta=\count193
\pgfutil@tempcntb=\count194
)
(/usr/local/texlive/2020/texmf-dist/tex/generic/pgf/math/pgfmathparser.code.tex
\pgfmath@dimen=\dimen147
\pgfmath@count=\count195
\pgfmath@box=\box45
\pgfmath@toks=\toks22
\pgfmath@stack@operand=\toks23
\pgfmath@stack@operation=\toks24
)
(/usr/local/texlive/2020/texmf-dist/tex/generic/pgf/math/pgfmathfunctions.code.
tex
(/usr/local/texlive/2020/texmf-dist/tex/generic/pgf/math/pgfmathfunctions.basic
.code.tex)
(/usr/local/texlive/2020/texmf-dist/tex/generic/pgf/math/pgfmathfunctions.trigo
nometric.code.tex)
(/usr/local/texlive/2020/texmf-dist/tex/generic/pgf/math/pgfmathfunctions.rando
m.code.tex)
(/usr/local/texlive/2020/texmf-dist/tex/generic/pgf/math/pgfmathfunctions.compa
rison.code.tex)
(/usr/local/texlive/2020/texmf-dist/tex/generic/pgf/math/pgfmathfunctions.base.
code.tex)
(/usr/local/texlive/2020/texmf-dist/tex/generic/pgf/math/pgfmathfunctions.round
.code.tex)
(/usr/local/texlive/2020/texmf-dist/tex/generic/pgf/math/pgfmathfunctions.misc.
code.tex)
(/usr/local/texlive/2020/texmf-dist/tex/generic/pgf/math/pgfmathfunctions.integ
erarithmetics.code.tex)))
(/usr/local/texlive/2020/texmf-dist/tex/generic/pgf/math/pgfmathfloat.code.tex
\c@pgfmathroundto@lastzeros=\count196
))
\pgffor@iter=\dimen148
\pgffor@skip=\dimen149
\pgffor@stack=\toks25
\pgffor@toks=\toks26
)
\psLoopIndex=\count197

`PSTricks' v2.97  <2019/05/11> (tvz,hv)
\pst@dima=\dimen150
\pst@dimb=\dimen151
\pst@dimc=\dimen152
\pst@dimd=\dimen153
\pst@dimg=\dimen154
\pst@dimh=\dimen155
\pst@dimm=\dimen156
\pst@dimn=\dimen157
\pst@dimo=\dimen158
\pst@dimp=\dimen159
\pst@hbox=\box46
\pst@ibox=\box47
\pst@boxg=\box48
\pst@cnta=\count198
\pst@cntb=\count199
\pst@cntc=\count266
\pst@cntd=\count267
\pst@cntg=\count268
\pst@cnth=\count269
\pst@cntm=\count270
\pst@cntn=\count271
\pst@cnto=\count272
\pst@cntp=\count273
\@zero=\count274
\pst@toks=\toks27
(/usr/local/texlive/2020/texmf-dist/tex/generic/pstricks/pstricks.con)
\psunit=\dimen160
\psxunit=\dimen161
\psyunit=\dimen162
\pst@C@@rType=\count275
\pslinewidth=\dimen163
\psk@startLW=\dimen164
\psk@endLW=\dimen165
\pst@customdefs=\toks28
\pslinearc=\dimen166
\pst@symbolStep=\dimen167
\pst@symbolWidth=\dimen168
\pst@symbolLinewidth=\dimen169
\everypsbox=\toks29
\psframesep=\dimen170
\pslabelsep=\dimen171
\sh@wgridXunit=\dimen172
\sh@wgridYunit=\dimen173
\pst@shift=\dimen174
)
File: pstricks.tex 2019/05/11 v2.97 `PSTricks' (tvz,hv)

(/usr/local/texlive/2020/texmf-dist/tex/generic/pstricks/pst-fp.tex)
File: pst-fp.tex 2019/05/11 v2.97 `PST-fp' (hv)
)
(/usr/local/texlive/2020/texmf-dist/tex/latex/pst-node/pst-node.sty
Package: pst-node 2012/09/18 v1.01 LaTeX wrapper for `pst-node' (HV)
Package: pst-node 2010/04/22 package wrapper for pst-node.tex

(/usr/local/texlive/2020/texmf-dist/tex/generic/pst-node/pst-node.tex
 v1.42, 2019/03/03
\psrow=\count276
\pscol=\count277
\psmatrixcnt=\count278
\psrowsep=\skip55
\pscolsep=\skip56
\pst@args=\count279
\num@pts=\count280
\pst@argcnt=\count281
)
File: pst-node.tex 2019/03/03 1.42 `pst-node' (tvz,hv)
)
\c@fileFrom=\count282
\c@rankFrom=\count283
\c@fileTo=\count284
\c@rankTo=\count285
\c@ps@inverse=\count286
\c@ps@knightangle=\count287
\c@halfmove=\count288
\c@move=\count289
\c@helpgobble=\count290
\c@helpnumber=\count291
\c@helpnumberMove=\count292
\squarelength=\skip57
\square@multiplier=\count293
\ranklift=\skip58
LaTeX Font Info:    Trying to load font information for LSB+skaknew on input li
ne 1774.

(/usr/local/texlive/2020/texmf-dist/tex/latex/chessfss/lsbskaknew.fd
File: lsbskaknew.fd 2006/03/31 v1.0 Chess font definitions
)

LaTeX Font Warning: Font shape `OT1/cmss/m/up' undefined
(Font)              using `OT1/cmss/m/n' instead on input line 1774.

\store@toks=\toks30
) (/usr/local/texlive/2020/texmf-dist/tex/latex/xskak/xskak.sty
Package: xskak 2019/06/23 version v1.5 extended chess typesetting and parsing

(/usr/local/texlive/2020/texmf-dist/tex/latex/xifthen/xifthen.sty
Package: xifthen 2015/11/05 v1.4.0 Extended ifthen features

(/usr/local/texlive/2020/texmf-dist/tex/latex/ifmtarg/ifmtarg.sty
Package: ifmtarg 2018/04/16 v1.2b check for an empty argument
))
(/usr/local/texlive/2020/texmf-dist/tex/latex/etoolbox/etoolbox.sty
Package: etoolbox 2019/09/21 v2.5h e-TeX tools for LaTeX (JAW)
\etb@tempcnta=\count294
)
(/usr/local/texlive/2020/texmf-dist/tex/latex/chessboard/chessboard.sty
Package: chessboard 2019/06/23 version v1.8 print chessboards

(/usr/local/texlive/2020/texmf-dist/tex/generic/iftex/ifpdf.sty
Package: ifpdf 2019/10/25 v3.4 ifpdf legacy package. Use iftex instead.
)
(/usr/local/texlive/2020/texmf-dist/tex/generic/tex4ht/usepackage.4ht
version 2020-03-12-14:03
)
(/usr/local/texlive/2020/texmf-dist/tex/latex/pgf/frontendlayer/tikz.sty
(/usr/local/texlive/2020/texmf-dist/tex/latex/pgf/basiclayer/pgf.sty
(/usr/local/texlive/2020/texmf-dist/tex/latex/pgf/utilities/pgfrcs.sty
(/usr/local/texlive/2020/texmf-dist/tex/generic/pgf/utilities/pgfutil-common.te
x
\pgfutil@everybye=\toks31
\pgfutil@tempdima=\dimen175
\pgfutil@tempdimb=\dimen176

(/usr/local/texlive/2020/texmf-dist/tex/generic/pgf/utilities/pgfutil-common-li
sts.tex))
(/usr/local/texlive/2020/texmf-dist/tex/generic/pgf/utilities/pgfutil-latex.def
\pgfutil@abb=\box49
(/usr/local/texlive/2020/texmf-dist/tex/latex/ms/everyshi.sty
Package: everyshi 2001/05/15 v3.00 EveryShipout Package (MS)
))
(/usr/local/texlive/2020/texmf-dist/tex/generic/pgf/utilities/pgfrcs.code.tex
(/usr/local/texlive/2020/texmf-dist/tex/generic/pgf/pgf.revision.tex)
Package: pgfrcs 2020/01/08 v3.1.5b (3.1.5b)
))
Package: pgf 2020/01/08 v3.1.5b (3.1.5b)

(/usr/local/texlive/2020/texmf-dist/tex/latex/pgf/basiclayer/pgfcore.sty
(/usr/local/texlive/2020/texmf-dist/tex/latex/graphics/graphicx.sty
Package: graphicx 2019/11/30 v1.2a Enhanced LaTeX Graphics (DPC,SPQR)

(/usr/local/texlive/2020/texmf-dist/tex/generic/tex4ht/usepackage.4ht
version 2020-03-12-14:03
)
(/usr/local/texlive/2020/texmf-dist/tex/latex/graphics/graphics.sty
Package: graphics 2019/11/30 v1.4a Standard LaTeX Graphics (DPC,SPQR)

(/usr/local/texlive/2020/texmf-dist/tex/latex/graphics/trig.sty
Package: trig 2016/01/03 v1.10 sin cos tan (DPC)
)
(/usr/local/texlive/2020/texmf-dist/tex/latex/graphics-cfg/graphics.cfg
File: graphics.cfg 2016/06/04 v1.11 sample graphics configuration
)
Package graphics Info: Driver file: dvips.def on input line 105.
)
\Gin@req@height=\dimen177
\Gin@req@width=\dimen178
)
(/usr/local/texlive/2020/texmf-dist/tex/latex/pgf/systemlayer/pgfsys.sty
(/usr/local/texlive/2020/texmf-dist/tex/generic/pgf/systemlayer/pgfsys.code.tex
Package: pgfsys 2020/01/08 v3.1.5b (3.1.5b)
(/usr/local/texlive/2020/texmf-dist/tex/generic/pgf/utilities/pgfkeys.code.tex)
\pgf@x=\dimen179
\pgf@y=\dimen180
\pgf@xa=\dimen181
\pgf@ya=\dimen182
\pgf@xb=\dimen183
\pgf@yb=\dimen184
\pgf@xc=\dimen185
\pgf@yc=\dimen186
\pgf@xd=\dimen187
\pgf@yd=\dimen188
\w@pgf@writea=\write3
\r@pgf@reada=\read2
\c@pgf@counta=\count295
\c@pgf@countb=\count296
\c@pgf@countc=\count297
\c@pgf@countd=\count298
\t@pgf@toka=\toks32
\t@pgf@tokb=\toks33
\t@pgf@tokc=\toks34
\pgf@sys@id@count=\count299
(/usr/local/texlive/2020/texmf-dist/tex/generic/pgf/systemlayer/pgf.cfg
File: pgf.cfg 2020/01/08 v3.1.5b (3.1.5b)
)
Driver file for pgf: pgfsys-tex4ht.def

(/usr/local/texlive/2020/texmf-dist/tex/generic/pgf/systemlayer/pgfsys-tex4ht.d
ef
File: pgfsys-tex4ht.def 2020/01/08 v3.1.5b (3.1.5b)

(/usr/local/texlive/2020/texmf-dist/tex/generic/pgf/systemlayer/pgfsys-common-s
vg.def
File: pgfsys-common-svg.def 2020/01/08 v3.1.5b (3.1.5b)
\pgf@sys@svg@objectcount=\count300
\pgf@sys@svg@scopecount=\count301
\pgf@sys@svg@type@count=\count302
\pgf@sys@svg@canvascount=\count303
)
\pgf@sys@svg@picnum=\count304
\pgf@sys@svg@nodenum=\count305
\pgfsys@foreignobject@Box=\box50
\pgf@s=\dimen189
\pgf@t=\dimen190
 (/usr/local/texlive/2020/texmf-dist/tex/generic/tex4ht/usepackage.4ht
version 2020-03-12-14:03
)))
(/usr/local/texlive/2020/texmf-dist/tex/generic/pgf/systemlayer/pgfsyssoftpath.
code.tex
File: pgfsyssoftpath.code.tex 2020/01/08 v3.1.5b (3.1.5b)
\pgfsyssoftpath@smallbuffer@items=\count306
\pgfsyssoftpath@bigbuffer@items=\count307
)
(/usr/local/texlive/2020/texmf-dist/tex/generic/pgf/systemlayer/pgfsysprotocol.
code.tex
File: pgfsysprotocol.code.tex 2020/01/08 v3.1.5b (3.1.5b)
))
(/usr/local/texlive/2020/texmf-dist/tex/generic/tex4ht/usepackage.4ht
version 2020-03-12-14:03
)
(/usr/local/texlive/2020/texmf-dist/tex/generic/pgf/basiclayer/pgfcore.code.tex
Package: pgfcore 2020/01/08 v3.1.5b (3.1.5b)
(/usr/local/texlive/2020/texmf-dist/tex/generic/pgf/math/pgfmath.code.tex)
(/usr/local/texlive/2020/texmf-dist/tex/generic/pgf/math/pgfint.code.tex)
(/usr/local/texlive/2020/texmf-dist/tex/generic/pgf/basiclayer/pgfcorepoints.co
de.tex
File: pgfcorepoints.code.tex 2020/01/08 v3.1.5b (3.1.5b)
\pgf@picminx=\dimen191
\pgf@picmaxx=\dimen192
\pgf@picminy=\dimen193
\pgf@picmaxy=\dimen194
\pgf@pathminx=\dimen195
\pgf@pathmaxx=\dimen196
\pgf@pathminy=\dimen197
\pgf@pathmaxy=\dimen198
\pgf@xx=\dimen199
\pgf@xy=\dimen256
\pgf@yx=\dimen257
\pgf@yy=\dimen258
\pgf@zx=\dimen259
\pgf@zy=\dimen260
)
(/usr/local/texlive/2020/texmf-dist/tex/generic/pgf/basiclayer/pgfcorepathconst
ruct.code.tex
File: pgfcorepathconstruct.code.tex 2020/01/08 v3.1.5b (3.1.5b)
\pgf@path@lastx=\dimen261
\pgf@path@lasty=\dimen262
)
(/usr/local/texlive/2020/texmf-dist/tex/generic/pgf/basiclayer/pgfcorepathusage
.code.tex
File: pgfcorepathusage.code.tex 2020/01/08 v3.1.5b (3.1.5b)
\pgf@shorten@end@additional=\dimen263
\pgf@shorten@start@additional=\dimen264
)
(/usr/local/texlive/2020/texmf-dist/tex/generic/pgf/basiclayer/pgfcorescopes.co
de.tex
File: pgfcorescopes.code.tex 2020/01/08 v3.1.5b (3.1.5b)
\pgfpic=\box51
\pgf@hbox=\box52
\pgf@layerbox@main=\box53
\pgf@picture@serial@count=\count308
)
(/usr/local/texlive/2020/texmf-dist/tex/generic/pgf/basiclayer/pgfcoregraphicst
ate.code.tex
File: pgfcoregraphicstate.code.tex 2020/01/08 v3.1.5b (3.1.5b)
\pgflinewidth=\dimen265
)
(/usr/local/texlive/2020/texmf-dist/tex/generic/pgf/basiclayer/pgfcoretransform
ations.code.tex
File: pgfcoretransformations.code.tex 2020/01/08 v3.1.5b (3.1.5b)
\pgf@pt@x=\dimen266
\pgf@pt@y=\dimen267
\pgf@pt@temp=\dimen268
)
(/usr/local/texlive/2020/texmf-dist/tex/generic/pgf/basiclayer/pgfcorequick.cod
e.tex
File: pgfcorequick.code.tex 2020/01/08 v3.1.5b (3.1.5b)
)
(/usr/local/texlive/2020/texmf-dist/tex/generic/pgf/basiclayer/pgfcoreobjects.c
ode.tex
File: pgfcoreobjects.code.tex 2020/01/08 v3.1.5b (3.1.5b)
)
(/usr/local/texlive/2020/texmf-dist/tex/generic/pgf/basiclayer/pgfcorepathproce
ssing.code.tex
File: pgfcorepathprocessing.code.tex 2020/01/08 v3.1.5b (3.1.5b)
)
(/usr/local/texlive/2020/texmf-dist/tex/generic/pgf/basiclayer/pgfcorearrows.co
de.tex
File: pgfcorearrows.code.tex 2020/01/08 v3.1.5b (3.1.5b)
\pgfarrowsep=\dimen269
)
(/usr/local/texlive/2020/texmf-dist/tex/generic/pgf/basiclayer/pgfcoreshade.cod
e.tex
File: pgfcoreshade.code.tex 2020/01/08 v3.1.5b (3.1.5b)
\pgf@max=\dimen270
\pgf@sys@shading@range@num=\count309
\pgf@shadingcount=\count310
)
(/usr/local/texlive/2020/texmf-dist/tex/generic/pgf/basiclayer/pgfcoreimage.cod
e.tex
File: pgfcoreimage.code.tex 2020/01/08 v3.1.5b (3.1.5b)

(/usr/local/texlive/2020/texmf-dist/tex/generic/pgf/basiclayer/pgfcoreexternal.
code.tex
File: pgfcoreexternal.code.tex 2020/01/08 v3.1.5b (3.1.5b)
\pgfexternal@startupbox=\box54
))
(/usr/local/texlive/2020/texmf-dist/tex/generic/pgf/basiclayer/pgfcorelayers.co
de.tex
File: pgfcorelayers.code.tex 2020/01/08 v3.1.5b (3.1.5b)
)
(/usr/local/texlive/2020/texmf-dist/tex/generic/pgf/basiclayer/pgfcoretranspare
ncy.code.tex
File: pgfcoretransparency.code.tex 2020/01/08 v3.1.5b (3.1.5b)
)
(/usr/local/texlive/2020/texmf-dist/tex/generic/pgf/basiclayer/pgfcorepatterns.
code.tex
File: pgfcorepatterns.code.tex 2020/01/08 v3.1.5b (3.1.5b)
)
(/usr/local/texlive/2020/texmf-dist/tex/generic/pgf/basiclayer/pgfcorerdf.code.
tex
File: pgfcorerdf.code.tex 2020/01/08 v3.1.5b (3.1.5b)
)))
(/usr/local/texlive/2020/texmf-dist/tex/generic/pgf/modules/pgfmoduleshapes.cod
e.tex
File: pgfmoduleshapes.code.tex 2020/01/08 v3.1.5b (3.1.5b)
\pgfnodeparttextbox=\box55
)
(/usr/local/texlive/2020/texmf-dist/tex/generic/pgf/modules/pgfmoduleplot.code.
tex
File: pgfmoduleplot.code.tex 2020/01/08 v3.1.5b (3.1.5b)
)
(/usr/local/texlive/2020/texmf-dist/tex/latex/pgf/compatibility/pgfcomp-version
-0-65.sty
Package: pgfcomp-version-0-65 2020/01/08 v3.1.5b (3.1.5b)
\pgf@nodesepstart=\dimen271
\pgf@nodesepend=\dimen272
)
(/usr/local/texlive/2020/texmf-dist/tex/latex/pgf/compatibility/pgfcomp-version
-1-18.sty
Package: pgfcomp-version-1-18 2020/01/08 v3.1.5b (3.1.5b)
))
(/usr/local/texlive/2020/texmf-dist/tex/latex/pgf/utilities/pgffor.sty
(/usr/local/texlive/2020/texmf-dist/tex/latex/pgf/utilities/pgfkeys.sty
(/usr/local/texlive/2020/texmf-dist/tex/generic/pgf/utilities/pgfkeys.code.tex)
) (/usr/local/texlive/2020/texmf-dist/tex/latex/pgf/math/pgfmath.sty
(/usr/local/texlive/2020/texmf-dist/tex/generic/pgf/math/pgfmath.code.tex))
(/usr/local/texlive/2020/texmf-dist/tex/generic/pgf/utilities/pgffor.code.tex
Package: pgffor 2020/01/08 v3.1.5b (3.1.5b)

(/usr/local/texlive/2020/texmf-dist/tex/generic/pgf/math/pgfmath.code.tex)
\pgffor@iter=\dimen273
\pgffor@skip=\dimen274
\pgffor@stack=\toks35
\pgffor@toks=\toks36
))
(/usr/local/texlive/2020/texmf-dist/tex/generic/pgf/frontendlayer/tikz/tikz.cod
e.tex
Package: tikz 2020/01/08 v3.1.5b (3.1.5b)

(/usr/local/texlive/2020/texmf-dist/tex/generic/pgf/libraries/pgflibraryplothan
dlers.code.tex
File: pgflibraryplothandlers.code.tex 2020/01/08 v3.1.5b (3.1.5b)
\pgf@plot@mark@count=\count311
\pgfplotmarksize=\dimen275
)
\tikz@lastx=\dimen276
\tikz@lasty=\dimen277
\tikz@lastxsaved=\dimen278
\tikz@lastysaved=\dimen279
\tikz@lastmovetox=\dimen280
\tikz@lastmovetoy=\dimen281
\tikzleveldistance=\dimen282
\tikzsiblingdistance=\dimen283
\tikz@figbox=\box56
\tikz@figbox@bg=\box57
\tikz@tempbox=\box58
\tikz@tempbox@bg=\box59
\tikztreelevel=\count312
\tikznumberofchildren=\count313
\tikznumberofcurrentchild=\count314
\tikz@fig@count=\count315

(/usr/local/texlive/2020/texmf-dist/tex/generic/pgf/modules/pgfmodulematrix.cod
e.tex
File: pgfmodulematrix.code.tex 2020/01/08 v3.1.5b (3.1.5b)
\pgfmatrixcurrentrow=\count316
\pgfmatrixcurrentcolumn=\count317
\pgf@matrix@numberofcolumns=\count318
)
\tikz@expandcount=\count319

(/usr/local/texlive/2020/texmf-dist/tex/generic/pgf/frontendlayer/tikz/librarie
s/tikzlibrarytopaths.code.tex
File: tikzlibrarytopaths.code.tex 2020/01/08 v3.1.5b (3.1.5b)
)))
\len@board@tempx=\skip59
\len@board@tempy=\skip60
\c@cnt@board@file=\count320
\c@cnt@board@rank=\count321
\c@cnt@board=\count322
\c@filelabel=\count323
\c@ranklabel=\count324

(/usr/local/texlive/2020/texmf-dist/tex/latex/chessboard/chessboard-keys-main.s
ty
File: chessboard-keys-main.sty 2019/06/23 version v1.8 key definitions for ches
sboard.sty
)
(/usr/local/texlive/2020/texmf-dist/tex/latex/chessboard/chessboard-keys-pgf.st
y
File: chessboard-keys-pgf.sty 2019/06/23 version v1.8 key definitions for chess
board.sty
) (/usr/local/texlive/2020/texmf-dist/tex/latex/chessboard/chessboard-pgf.sty
File: chessboard-pgf.sty 2019/06/23 version v1.8 pgf code for chessboard.sty
)) (/usr/local/texlive/2020/texmf-dist/tex/latex/xskak/xskak-keys.sty
File: xskak-keys.sty 2019/06/23 version v1.5 key definitions for xskak.sty
)
(/usr/local/texlive/2020/texmf-dist/tex/latex/xskak/xskak-nagdef.sty
File: xskak-nagdef.sty 2019/06/23 version v1.5 nag definitions for xskak.sty
)
LaTeX Info: Redefining \variation on input line 1473.
)
(./configfile.cfg
(/usr/local/texlive/2020/texmf-dist/tex/generic/tex4ht/tex4ht.4ht
version 2020-03-12-14:03
--------------------------------------
--- Note --- for additional information, use the command line option `info'
--------------------------------------

::::::::::::::::::::::::::::::::::::::::::
 TeX4ht info is available in the log file 
::::::::::::::::::::::::::::::::::::::::::
) (/usr/local/texlive/2020/texmf-dist/tex/generic/tex4ht/tex4ht.sty
version 2020-02-18-14:17

--- needs --- tex4ht ManualChessCombVol2 ---
\tmp:cnt=\count325
\openout15 = `ManualChessCombVol2.tmp'.

(./ManualChessCombVol2.tmp)
\tmp:dim=\skip61
 (./ManualChessCombVol2.xref)
\:refout=\write4
\openout4 = `ManualChessCombVol2.xref'.


(/usr/local/texlive/2020/texmf-dist/tex/generic/tex4ht/html4.4ht
version 2020-03-16-10:43
--------------------------------------
--- Note --- to remove the <?xml version=...?> processing instruction use the c
ommand line option `no-VERSION'
--------------------------------------
--------------------------------------
--- Note --- to remove the DOCTYPE declaration use the command line option `no-
DOCTYPE'
--------------------------------------
)
(/usr/local/texlive/2020/texmf-dist/tex/generic/tex4ht/html4-math.4ht
version 2020-03-06-15:07
)
--------------------------------------
--- Note --- for marking of the base font, use the command line option `fonts+'

--------------------------------------
--------------------------------------
--- Note --- for non active _, use the command line option `no_'
--------------------------------------
--------------------------------------
--- Note --- for _ of catcode 13, use the command line option `_13'
--------------------------------------
--------------------------------------
--- Note --- for non active ^, use the command line option `no^'
--------------------------------------
--------------------------------------
--- Note --- for ^ of catcode 13, use the command line option `^13'
--------------------------------------

(/usr/local/texlive/2020/texmf-dist/tex/generic/tex4ht/html4.4ht
version 2020-03-16-10:43
--------------------------------------
--- Note --- for alternative charset, use the command line option `charset=...'

--------------------------------------
--------------------------------------
--- Note --- to ignore CSS font decoration, use the `NoFonts' command line opti
on
--------------------------------------
--------------------------------------
--- Note --- for jpg bitmaps of pictures, use the `jpg' command line option. (C
haracter bitmaps are controled only by `g' records of tex4ht.env and `-g' switc
hes of tex4ht.c) 
--------------------------------------
--------------------------------------
--- Note --- for gif bitmaps of pictures, use the `gif' command line option. (C
haracter bitmaps are controled only by `g' records of tex4ht.env and `-g' switc
hes of tex4ht.c) 
--------------------------------------
--------------------------------------
--- Note --- for content and toc in 2 frames, use the command line option `fram
es'
--------------------------------------
--------------------------------------
--- Note --- for content, toc, and footnotes in 3 frames, use the command line 
option `frames-fn'
--------------------------------------
--------------------------------------
--- Note --- for file extension name xht, use the command line option `xht'
--------------------------------------
TeX4ht package options: html,xhtml
--------------------------------------
--- Note --- To print a timestamp, use the command line option timestamp
--------------------------------------
--------------------------------------
--- Note --- to ignore CSS code, use the command line option `-css
--------------------------------------
--------------------------------------
--- Note --- for inline CSS code, use the command line option `css-in'
--------------------------------------
--------------------------------------
--- Note --- for pop ups on mouse over, use the command line option `mouseover'

--------------------------------------
--------------------------------------
--- Note --- for addressing images in a subdirectory, use the command line opti
on `imgdir:.../'
--------------------------------------
)
(/usr/local/texlive/2020/texmf-dist/tex/generic/tex4ht/html4-math.4ht
version 2020-03-06-15:07
)
\:tokwrite=\toks37
\:tokpage=\toks38
--------------------------------------
--- Note --- for back links to toc, use the command line option `sections+'
--------------------------------------
--------------------------------------
--- Note --- for linear crosslinks of pages, use the command line option `next'

--------------------------------------
\openout15 = `ManualChessCombVol2.4ct'.

\:tocout=\write5
\openout5 = `ManualChessCombVol2.4tc'.


(/usr/local/texlive/2020/texmf-dist/tex/generic/tex4ht/html4.4ht
version 2020-03-16-10:43
)
(/usr/local/texlive/2020/texmf-dist/tex/generic/tex4ht/html4-math.4ht
version 2020-03-06-15:07
)
(/usr/local/texlive/2020/texmf-dist/tex/generic/tex4ht/latex.4ht
version 2020-02-26-14:25
LaTeX Info: Redefining \_ on input line 168.
--------------------------------------
--- Note --- for links into captions, instead of float heads, use the command l
ine option `refcaption'
--------------------------------------

(/usr/local/texlive/2020/texmf-dist/tex/generic/tex4ht/html4.4ht
version 2020-03-16-10:43
)
(/usr/local/texlive/2020/texmf-dist/tex/generic/tex4ht/html4-math.4ht
version 2020-03-06-15:07
)
(/usr/local/texlive/2020/texmf-dist/tex/generic/tex4ht/html4.4ht
version 2020-03-16-10:43
--------------------------------------
--- Note --- For mini tocs immediately aftter the header use the command line o
ption `minitoc<'
--------------------------------------
--------------------------------------
--- Note --- for enumerated list elements with valued data, use the command lin
e option `enumerate+'
--------------------------------------
--------------------------------------
--- Note --- for enumerated list elements li's with value attributes, use the c
ommand line option `enumerate-'
--------------------------------------
--------------------------------------
--- Note --- for CSS2 code, use the command line option `css2'
--------------------------------------
--------------------------------------
--- Note --- for pictorial tabular, use the command line option `pic-tabular'
--------------------------------------
--------------------------------------
--- Note --- for bitmap fbox'es, use the command line option `pic-fbox'
--------------------------------------
--------------------------------------
--- Note --- for bitmap framebox'es, use the command line option `pic-framebox'

--------------------------------------
--------------------------------------
--- Note --- for inline footnotes use command line option `fn-in'
--------------------------------------
--------------------------------------
--- Note --- for tracing of latex font commands, use the command line option `f
onts'
--------------------------------------
--------------------------------------
--- Note --- for width specifications of tabular p entries, use the `p-width' c
ommand line option or a configuration similar to \Configure{HColWidth}{\HCode{ 
style="width:\HColWidth"}}
--------------------------------------
)
(/usr/local/texlive/2020/texmf-dist/tex/generic/tex4ht/html4-math.4ht
version 2020-03-06-15:07
--------------------------------------
--- Note --- for pictorial eqnarray, use the command line option `pic-eqnarray'

--------------------------------------
--------------------------------------
--- Note --- for pictorial array, use the command line option `pic-array'
--------------------------------------
--------------------------------------
--- Note --- for pictorial $...$ environments, use the command line option `pic
-m' (not recommended!!)
--------------------------------------
--------------------------------------
--- Note --- for pictorial $...$ and $$...$$ environments with latex alt, use t
he command line option `pic-m+' (not safe!!)
--------------------------------------
--------------------------------------
--- Note --- for pictorial array, use the command line option `pic-array'
--------------------------------------
))
(/usr/local/texlive/2020/texmf-dist/tex/generic/tex4ht/fontmath.4ht
version 2018-11-06-15:55

(/usr/local/texlive/2020/texmf-dist/tex/generic/tex4ht/html4.4ht
version 2020-03-16-10:43
)
(/usr/local/texlive/2020/texmf-dist/tex/generic/tex4ht/html4-math.4ht
version 2020-03-06-15:07
))
(/usr/local/texlive/2020/texmf-dist/tex/generic/tex4ht/book.4ht
(/usr/local/texlive/2020/texmf-dist/tex/generic/tex4ht/html4.4ht
version 2020-03-16-10:43
--------------------------------------
--- Note --- for automatic sectioning pagination, use the command line option `
1', `2', `3', '4', '5', '6', or '7'
--------------------------------------
--------------------------------------
--- Note --- for files named derived from section titles, use the command line 
option `sec-filename'
--------------------------------------
--------------------------------------
--- Note --- for i-columns index, use the command line option `index=i' (e.g., 
index=2)
--------------------------------------
)
(/usr/local/texlive/2020/texmf-dist/tex/generic/tex4ht/html4-math.4ht
version 2020-03-06-15:07
))
(./skak.4ht) (/usr/local/texlive/2020/texmf-dist/tex/generic/tex4ht/ifthen.4ht
version 2009-05-21-09:32

(/usr/local/texlive/2020/texmf-dist/tex/generic/tex4ht/html4.4ht
version 2020-03-16-10:43
)
(/usr/local/texlive/2020/texmf-dist/tex/generic/tex4ht/html4-math.4ht
version 2020-03-06-15:07
))
(/usr/local/texlive/2020/texmf-dist/tex/generic/tex4ht/pstricks.4ht
version 2019-01-23-14:26

(/usr/local/texlive/2020/texmf-dist/tex/generic/tex4ht/html4.4ht
version 2020-03-16-10:43
)
(/usr/local/texlive/2020/texmf-dist/tex/generic/tex4ht/html4-math.4ht
version 2020-03-06-15:07
))
(/usr/local/texlive/2020/texmf-dist/tex/generic/tex4ht/xcolor.4ht
version 2019-04-09-10:06

(/usr/local/texlive/2020/texmf-dist/tex/generic/tex4ht/color.4ht
(/usr/local/texlive/2020/texmf-dist/tex/generic/tex4ht/html4.4ht
version 2020-03-16-10:43
)
(/usr/local/texlive/2020/texmf-dist/tex/generic/tex4ht/html4-math.4ht
version 2020-03-06-15:07
))
(/usr/local/texlive/2020/texmf-dist/tex/generic/tex4ht/html4.4ht
version 2020-03-16-10:43
)
(/usr/local/texlive/2020/texmf-dist/tex/generic/tex4ht/html4-math.4ht
version 2020-03-06-15:07
))
(/usr/local/texlive/2020/texmf-dist/tex/generic/tex4ht/color.4ht)
(/usr/local/texlive/2020/texmf-dist/tex/generic/tex4ht/dvips.4ht
version 2009-05-21-09:32

(/usr/local/texlive/2020/texmf-dist/tex/generic/tex4ht/html4.4ht
version 2020-03-16-10:43
)
(/usr/local/texlive/2020/texmf-dist/tex/generic/tex4ht/html4-math.4ht
version 2020-03-06-15:07
))
(/usr/local/texlive/2020/texmf-dist/tex/generic/tex4ht/pgf.4ht
version 2009-05-21-09:32

(/usr/local/texlive/2020/texmf-dist/tex/generic/tex4ht/html4.4ht
version 2020-03-16-10:43
)
(/usr/local/texlive/2020/texmf-dist/tex/generic/tex4ht/html4-math.4ht
version 2020-03-06-15:07
))
(/usr/local/texlive/2020/texmf-dist/tex/generic/tex4ht/everyshi.4ht
version 2009-05-21-09:32

(/usr/local/texlive/2020/texmf-dist/tex/generic/tex4ht/html4.4ht
version 2020-03-16-10:43
)
(/usr/local/texlive/2020/texmf-dist/tex/generic/tex4ht/html4-math.4ht
version 2020-03-06-15:07
))
(/usr/local/texlive/2020/texmf-dist/tex/generic/tex4ht/graphicx.4ht
version 2018-10-01-14:24

(/usr/local/texlive/2020/texmf-dist/tex/generic/tex4ht/html4.4ht
version 2020-03-16-10:43
)
(/usr/local/texlive/2020/texmf-dist/tex/generic/tex4ht/html4-math.4ht
version 2020-03-06-15:07
))
(/usr/local/texlive/2020/texmf-dist/tex/generic/tex4ht/graphics.4ht
(/usr/local/texlive/2020/texmf-dist/tex/generic/tex4ht/html4.4ht
version 2020-03-16-10:43
--------------------------------------
--- Note --- if included graphics are of degraded quality, try the command line
 options `graphics-num' or `graphics-'. The `num' should provide the density of
 pixels in the bitmaps (e.g., 110). 
--------------------------------------
--------------------------------------
--- Note --- for key dimensions try the option `Gin-dim'; for key dimensions wh
en bounding box is unavailable try `Gin-dim+'; neither is recommended
--------------------------------------
)
(/usr/local/texlive/2020/texmf-dist/tex/generic/tex4ht/html4-math.4ht
version 2020-03-06-15:07
))
(/usr/local/texlive/2020/texmf-dist/tex/generic/tex4ht/html4.4ht
version 2020-03-16-10:43
)
(/usr/local/texlive/2020/texmf-dist/tex/generic/tex4ht/html4-math.4ht
version 2020-03-06-15:07
))
(/usr/local/texlive/2020/texmf-dist/tex/latex/l3backend/l3backend-dvips.def
File: l3backend-dvips.def 2020-03-12 L3 backend support: dvips
\l__pdf_internal_box=\box60
\g__pdf_backend_object_int=\count326
\l__pdf_backend_content_box=\box61
\l__pdf_backend_model_box=\box62
\g__pdf_backend_annotation_int=\count327
\g__pdf_backend_link_int=\count328
\g__pdf_backend_link_sf_int=\count329
)
(./ManualChessCombVol2.aux)
\openout1 = `ManualChessCombVol2.aux'.

LaTeX Font Info:    Checking defaults for OML/cmm/m/it on input line 12.
LaTeX Font Info:    ... okay on input line 12.
LaTeX Font Info:    Checking defaults for OMS/cmsy/m/n on input line 12.
LaTeX Font Info:    ... okay on input line 12.
LaTeX Font Info:    Checking defaults for OT1/cmr/m/n on input line 12.
LaTeX Font Info:    ... okay on input line 12.
LaTeX Font Info:    Checking defaults for T1/cmr/m/n on input line 12.
LaTeX Font Info:    ... okay on input line 12.
LaTeX Font Info:    Checking defaults for TS1/cmr/m/n on input line 12.
LaTeX Font Info:    ... okay on input line 12.
LaTeX Font Info:    Checking defaults for OMX/cmex/m/n on input line 12.
LaTeX Font Info:    ... okay on input line 12.
LaTeX Font Info:    Checking defaults for U/cmr/m/n on input line 12.
LaTeX Font Info:    ... okay on input line 12.
LaTeX Font Info:    Checking defaults for LSB/skaknew/m/n on input line 12.
LaTeX Font Info:    ... okay on input line 12.
LaTeX Font Info:    Checking defaults for LSF/skaknew/m/n on input line 12.
LaTeX Font Info:    Trying to load font information for LSF+skaknew on input li
ne 12.

(/usr/local/texlive/2020/texmf-dist/tex/latex/chessfss/lsfskaknew.fd
File: lsfskaknew.fd 2006/03/31 v1.0 Chess font definitions
)
LaTeX Font Info:    ... okay on input line 12.
LaTeX Font Info:    Checking defaults for LSI/skaknew/m/n on input line 12.
LaTeX Font Info:    Trying to load font information for LSI+skaknew on input li
ne 12.

(/usr/local/texlive/2020/texmf-dist/tex/latex/chessfss/lsiskaknew.fd
File: lsiskaknew.fd 2006/03/31 v1.0 Chess font definitions
)
LaTeX Font Info:    ... okay on input line 12.
--- file ManualChessCombVol2.css ---
) [1

]
[2

] (./ManualChessCombVol2.4ct [3] [4] [5] [6] [7] [8] [9] [10]) [11] [12

]
Chapter 1.
l. 12 Writing ManualChessCombVol2.idv[1] (ManualChessCombVol20x.png)
[13] [14

]
l. 18 Writing ManualChessCombVol2.idv[2] (ManualChessCombVol21x.png)
 [15] [16

]
l. 39 Writing ManualChessCombVol2.idv[3] (ManualChessCombVol22x.png)
 [17] [18

]
l. 45 Writing ManualChessCombVol2.idv[4] (ManualChessCombVol23x.png)
 [19] [20

]
l. 66 Writing ManualChessCombVol2.idv[5] (ManualChessCombVol24x.png)
 [21] [22

]
l. 72 Writing ManualChessCombVol2.idv[6] (ManualChessCombVol25x.png)
 [23] [24

]
l. 93 Writing ManualChessCombVol2.idv[7] (ManualChessCombVol26x.png)
 [25] [26

]
l. 99 Writing ManualChessCombVol2.idv[8] (ManualChessCombVol27x.png)
 [27]
[28

]
l. 120 Writing ManualChessCombVol2.idv[9] (ManualChessCombVol28x.png)
 [29] [30

]
l. 126 Writing ManualChessCombVol2.idv[10] (ManualChessCombVol29x.png)
 [31] [32

]
l. 147 Writing ManualChessCombVol2.idv[11] (ManualChessCombVol210x.png)
 [33] [34

]
l. 153 Writing ManualChessCombVol2.idv[12] (ManualChessCombVol211x.png)
 [35] [36

]
l. 176 Writing ManualChessCombVol2.idv[13] (ManualChessCombVol212x.png)
 [37] [38

]
l. 182 Writing ManualChessCombVol2.idv[14] (ManualChessCombVol213x.png)
 [39] [40

]
l. 211 Writing ManualChessCombVol2.idv[15] (ManualChessCombVol214x.png)
 [41] [42

]
l. 217 Writing ManualChessCombVol2.idv[16] (ManualChessCombVol215x.png)

[43] [44

]
l. 234 Writing ManualChessCombVol2.idv[17] (ManualChessCombVol216x.png)
 [45] [46

]
l. 240 Writing ManualChessCombVol2.idv[18] (ManualChessCombVol217x.png)
 [47] [48

]
l. 265 Writing ManualChessCombVol2.idv[19] (ManualChessCombVol218x.png)
 [49] [50

]
l. 271 Writing ManualChessCombVol2.idv[20] (ManualChessCombVol219x.png)
 [51] [52

]
l. 288 Writing ManualChessCombVol2.idv[21] (ManualChessCombVol220x.png)
 [53] [54

]
l. 294 Writing ManualChessCombVol2.idv[22] (ManualChessCombVol221x.png)
 [55] [56

]
l. 315 Writing ManualChessCombVol2.idv[23] (ManualChessCombVol222x.png)
 [57]
[58

]
l. 321 Writing ManualChessCombVol2.idv[24] (ManualChessCombVol223x.png)
 [59] [60

]
l. 342 Writing ManualChessCombVol2.idv[25] (ManualChessCombVol224x.png)
 [61] [62

]
l. 348 Writing ManualChessCombVol2.idv[26] (ManualChessCombVol225x.png)
 [63] [64

]
l. 369 Writing ManualChessCombVol2.idv[27] (ManualChessCombVol226x.png)
 [65] [66

]
l. 375 Writing ManualChessCombVol2.idv[28] (ManualChessCombVol227x.png)
 [67] [68

]
l. 396 Writing ManualChessCombVol2.idv[29] (ManualChessCombVol228x.png)
 [69] [70

]
l. 402 Writing ManualChessCombVol2.idv[30] (ManualChessCombVol229x.png)
 [71] [72

]
l. 429 Writing ManualChessCombVol2.idv[31] (ManualChessCombVol230x.png)

[73] [74

]
l. 435 Writing ManualChessCombVol2.idv[32] (ManualChessCombVol231x.png)
 [75] [76

]
l. 452 Writing ManualChessCombVol2.idv[33] (ManualChessCombVol232x.png)
 [77] [78

]
l. 458 Writing ManualChessCombVol2.idv[34] (ManualChessCombVol233x.png)
 [79] [80

]
l. 479 Writing ManualChessCombVol2.idv[35] (ManualChessCombVol234x.png)
 [81] [82

]
l. 485 Writing ManualChessCombVol2.idv[36] (ManualChessCombVol235x.png)
 [83] [84

]
l. 510 Writing ManualChessCombVol2.idv[37] (ManualChessCombVol236x.png)
 [85] [86

]
l. 516 Writing ManualChessCombVol2.idv[38] (ManualChessCombVol237x.png)
 [87]
[88

]
l. 539 Writing ManualChessCombVol2.idv[39] (ManualChessCombVol238x.png)
 [89] [90

]
l. 545 Writing ManualChessCombVol2.idv[40] (ManualChessCombVol239x.png)
 [91] [92

]
l. 558 Writing ManualChessCombVol2.idv[41] (ManualChessCombVol240x.png)
 [93] [94

]
l. 564 Writing ManualChessCombVol2.idv[42] (ManualChessCombVol241x.png)
 [95] [96

]
l. 587 Writing ManualChessCombVol2.idv[43] (ManualChessCombVol242x.png)
 [97] [98

]
l. 593 Writing ManualChessCombVol2.idv[44] (ManualChessCombVol243x.png)
 [99] [100

]
l. 614 Writing ManualChessCombVol2.idv[45] (ManualChessCombVol244x.png)
 [101]
[102

]
l. 620 Writing ManualChessCombVol2.idv[46] (ManualChessCombVol245x.png)
 [103] [104

]
l. 641 Writing ManualChessCombVol2.idv[47] (ManualChessCombVol246x.png)
 [105] [106

]
l. 647 Writing ManualChessCombVol2.idv[48] (ManualChessCombVol247x.png)
 [107] [108

]
l. 664 Writing ManualChessCombVol2.idv[49] (ManualChessCombVol248x.png)
 [109] [110

]
l. 670 Writing ManualChessCombVol2.idv[50] (ManualChessCombVol249x.png)
 [111] [112

]
l. 687 Writing ManualChessCombVol2.idv[51] (ManualChessCombVol250x.png)
 [113]
[114

]
l. 693 Writing ManualChessCombVol2.idv[52] (ManualChessCombVol251x.png)
 [115] [116

]
l. 722 Writing ManualChessCombVol2.idv[53] (ManualChessCombVol252x.png)
 [117] [118

]
l. 728 Writing ManualChessCombVol2.idv[54] (ManualChessCombVol253x.png)
 [119] [120

]
l. 749 Writing ManualChessCombVol2.idv[55] (ManualChessCombVol254x.png)
 [121] [122

]
l. 755 Writing ManualChessCombVol2.idv[56] (ManualChessCombVol255x.png)
 [123] [124

]
l. 776 Writing ManualChessCombVol2.idv[57] (ManualChessCombVol256x.png)
 [125]
[126

]
l. 782 Writing ManualChessCombVol2.idv[58] (ManualChessCombVol257x.png)
 [127] [128

]
l. 803 Writing ManualChessCombVol2.idv[59] (ManualChessCombVol258x.png)
 [129] [130

]
l. 809 Writing ManualChessCombVol2.idv[60] (ManualChessCombVol259x.png)
 [131] [132

]
l. 832 Writing ManualChessCombVol2.idv[61] (ManualChessCombVol260x.png)
 [133] [134

]
l. 838 Writing ManualChessCombVol2.idv[62] (ManualChessCombVol261x.png)
 [135] [136

]
l. 859 Writing ManualChessCombVol2.idv[63] (ManualChessCombVol262x.png)
 [137]
[138

]
l. 865 Writing ManualChessCombVol2.idv[64] (ManualChessCombVol263x.png)
 [139] [140

]
l. 884 Writing ManualChessCombVol2.idv[65] (ManualChessCombVol264x.png)
 [141] [142

]
l. 890 Writing ManualChessCombVol2.idv[66] (ManualChessCombVol265x.png)
 [143] [144

]
l. 911 Writing ManualChessCombVol2.idv[67] (ManualChessCombVol266x.png)
 [145] [146

]
l. 917 Writing ManualChessCombVol2.idv[68] (ManualChessCombVol267x.png)
 [147] [148

]
l. 938 Writing ManualChessCombVol2.idv[69] (ManualChessCombVol268x.png)
 [149]
[150

]
l. 944 Writing ManualChessCombVol2.idv[70] (ManualChessCombVol269x.png)
 [151] [152

]
l. 963 Writing ManualChessCombVol2.idv[71] (ManualChessCombVol270x.png)
 [153] [154

]
l. 969 Writing ManualChessCombVol2.idv[72] (ManualChessCombVol271x.png)
 [155] [156

]
l. 992 Writing ManualChessCombVol2.idv[73] (ManualChessCombVol272x.png)
 [157] [158

]
l. 998 Writing ManualChessCombVol2.idv[74] (ManualChessCombVol273x.png)
 [159] [160

]
l. 1027 Writing ManualChessCombVol2.idv[75] (ManualChessCombVol274x.png)
 [161]
[162

]
l. 1033 Writing ManualChessCombVol2.idv[76] (ManualChessCombVol275x.png)
 [163] [164

]
l. 1054 Writing ManualChessCombVol2.idv[77] (ManualChessCombVol276x.png)
 [165] [166

]
l. 1060 Writing ManualChessCombVol2.idv[78] (ManualChessCombVol277x.png)
 [167] [168

]
l. 1081 Writing ManualChessCombVol2.idv[79] (ManualChessCombVol278x.png)
 [169] [170

]
l. 1087 Writing ManualChessCombVol2.idv[80] (ManualChessCombVol279x.png)
 [171] [172

]
l. 1108 Writing ManualChessCombVol2.idv[81] (ManualChessCombVol280x.png)
 [173]
[174

]
l. 1114 Writing ManualChessCombVol2.idv[82] (ManualChessCombVol281x.png)
 [175] [176

]
l. 1135 Writing ManualChessCombVol2.idv[83] (ManualChessCombVol282x.png)
 [177] [178

]
l. 1141 Writing ManualChessCombVol2.idv[84] (ManualChessCombVol283x.png)
 [179] [180

]
l. 1158 Writing ManualChessCombVol2.idv[85] (ManualChessCombVol284x.png)
 [181] [182

]
l. 1164 Writing ManualChessCombVol2.idv[86] (ManualChessCombVol285x.png)
 [183] [184

]
l. 1189 Writing ManualChessCombVol2.idv[87] (ManualChessCombVol286x.png)
 [185]
[186

]
l. 1195 Writing ManualChessCombVol2.idv[88] (ManualChessCombVol287x.png)
 [187] [188

]
l. 1216 Writing ManualChessCombVol2.idv[89] (ManualChessCombVol288x.png)
 [189] [190

]
l. 1222 Writing ManualChessCombVol2.idv[90] (ManualChessCombVol289x.png)
 [191] [192

]
l. 1239 Writing ManualChessCombVol2.idv[91] (ManualChessCombVol290x.png)
 [193] [194

]
l. 1245 Writing ManualChessCombVol2.idv[92] (ManualChessCombVol291x.png)
 [195] [196

]
l. 1264 Writing ManualChessCombVol2.idv[93] (ManualChessCombVol292x.png)
 [197]
[198

]
l. 1270 Writing ManualChessCombVol2.idv[94] (ManualChessCombVol293x.png)
 [199] [200

]
l. 1291 Writing ManualChessCombVol2.idv[95] (ManualChessCombVol294x.png)
 [201] [202

]
l. 1297 Writing ManualChessCombVol2.idv[96] (ManualChessCombVol295x.png)
 [203] [204

]
l. 1320 Writing ManualChessCombVol2.idv[97] (ManualChessCombVol296x.png)
 [205] [206

]
l. 1326 Writing ManualChessCombVol2.idv[98] (ManualChessCombVol297x.png)
 [207] [208

]
l. 1343 Writing ManualChessCombVol2.idv[99] (ManualChessCombVol298x.png)
 [209]
[210

]
l. 1349 Writing ManualChessCombVol2.idv[100] (ManualChessCombVol299x.png)
 [211] [212

]
l. 1362 Writing ManualChessCombVol2.idv[101] (ManualChessCombVol2100x.png)
 [213] [214

]
l. 1368 Writing ManualChessCombVol2.idv[102] (ManualChessCombVol2101x.png)
 [215] [216

]
l. 1389 Writing ManualChessCombVol2.idv[103] (ManualChessCombVol2102x.png)
 [217] [218

]
l. 1395 Writing ManualChessCombVol2.idv[104] (ManualChessCombVol2103x.png)
 [219] [220

]
l. 1412 Writing ManualChessCombVol2.idv[105] (ManualChessCombVol2104x.png)
 [221]
[222

]
l. 1418 Writing ManualChessCombVol2.idv[106] (ManualChessCombVol2105x.png)
 [223] [224

]
l. 1437 Writing ManualChessCombVol2.idv[107] (ManualChessCombVol2106x.png)
 [225] [226

]
l. 1443 Writing ManualChessCombVol2.idv[108] (ManualChessCombVol2107x.png)
 [227] [228

]
l. 1464 Writing ManualChessCombVol2.idv[109] (ManualChessCombVol2108x.png)
 [229] [230

]
l. 1470 Writing ManualChessCombVol2.idv[110] (ManualChessCombVol2109x.png)
 [231] [232

]
l. 1491 Writing ManualChessCombVol2.idv[111] (ManualChessCombVol2110x.png)
 [233]
[234

]
l. 1497 Writing ManualChessCombVol2.idv[112] (ManualChessCombVol2111x.png)
 [235] [236

]
l. 1514 Writing ManualChessCombVol2.idv[113] (ManualChessCombVol2112x.png)
 [237] [238

]
l. 1520 Writing ManualChessCombVol2.idv[114] (ManualChessCombVol2113x.png)
 [239] [240

]
l. 1537 Writing ManualChessCombVol2.idv[115] (ManualChessCombVol2114x.png)
 [241] [242

]
l. 1543 Writing ManualChessCombVol2.idv[116] (ManualChessCombVol2115x.png)
 [243] [244

]
l. 1560 Writing ManualChessCombVol2.idv[117] (ManualChessCombVol2116x.png)
 [245]
[246

]
l. 1566 Writing ManualChessCombVol2.idv[118] (ManualChessCombVol2117x.png)
 [247] [248

]
l. 1587 Writing ManualChessCombVol2.idv[119] (ManualChessCombVol2118x.png)
 [249] [250

]
l. 1593 Writing ManualChessCombVol2.idv[120] (ManualChessCombVol2119x.png)
 [251] [252

]
l. 1614 Writing ManualChessCombVol2.idv[121] (ManualChessCombVol2120x.png)
 [253] [254

]
l. 1620 Writing ManualChessCombVol2.idv[122] (ManualChessCombVol2121x.png)
 [255] [256

]
l. 1637 Writing ManualChessCombVol2.idv[123] (ManualChessCombVol2122x.png)
 [257]
[258

]
l. 1643 Writing ManualChessCombVol2.idv[124] (ManualChessCombVol2123x.png)
 [259] [260

]
l. 1660 Writing ManualChessCombVol2.idv[125] (ManualChessCombVol2124x.png)
 [261] [262

]
l. 1666 Writing ManualChessCombVol2.idv[126] (ManualChessCombVol2125x.png)
 [263] [264

]
l. 1687 Writing ManualChessCombVol2.idv[127] (ManualChessCombVol2126x.png)
 [265] [266

]
l. 1693 Writing ManualChessCombVol2.idv[128] (ManualChessCombVol2127x.png)
 [267] [268

]
l. 1714 Writing ManualChessCombVol2.idv[129] (ManualChessCombVol2128x.png)
 [269]
[270

]
l. 1720 Writing ManualChessCombVol2.idv[130] (ManualChessCombVol2129x.png)
 [271] [272

]
l. 1741 Writing ManualChessCombVol2.idv[131] (ManualChessCombVol2130x.png)
 [273] [274

]
l. 1747 Writing ManualChessCombVol2.idv[132] (ManualChessCombVol2131x.png)
 [275] [276

]
l. 1764 Writing ManualChessCombVol2.idv[133] (ManualChessCombVol2132x.png)
 [277] [278

]
l. 1770 Writing ManualChessCombVol2.idv[134] (ManualChessCombVol2133x.png)
 [279] [280

]
l. 1791 Writing ManualChessCombVol2.idv[135] (ManualChessCombVol2134x.png)
 [281]
[282

]
l. 1797 Writing ManualChessCombVol2.idv[136] (ManualChessCombVol2135x.png)
 [283] [284

]
l. 1820 Writing ManualChessCombVol2.idv[137] (ManualChessCombVol2136x.png)
 [285] [286

]
l. 1826 Writing ManualChessCombVol2.idv[138] (ManualChessCombVol2137x.png)
 [287] [288

]
l. 1843 Writing ManualChessCombVol2.idv[139] (ManualChessCombVol2138x.png)
 [289] [290

]
l. 1849 Writing ManualChessCombVol2.idv[140] (ManualChessCombVol2139x.png)
 [291] [292

]
l. 1874 Writing ManualChessCombVol2.idv[141] (ManualChessCombVol2140x.png)
 [293]
[294

]
l. 1880 Writing ManualChessCombVol2.idv[142] (ManualChessCombVol2141x.png)


LaTeX Font Warning: Font shape `LSF/skaknew/m/it' undefined
(Font)              using `LSF/skaknew/m/n' instead on input line 1889.


LaTeX Font Warning: Font shape `LSI/skaknew/m/it' undefined
(Font)              using `LSI/skaknew/m/n' instead on input line 1889.

[295] [296

]
l. 1904 Writing ManualChessCombVol2.idv[143] (ManualChessCombVol2142x.png)
 [297] [298

]
l. 1910 Writing ManualChessCombVol2.idv[144] (ManualChessCombVol2143x.png)
 [299] [300

]
l. 1929 Writing ManualChessCombVol2.idv[145] (ManualChessCombVol2144x.png)
 [301] [302

]
l. 1935 Writing ManualChessCombVol2.idv[146] (ManualChessCombVol2145x.png)
 [303] [304

]
l. 1948 Writing ManualChessCombVol2.idv[147] (ManualChessCombVol2146x.png)
 [305] [306

]
l. 1954 Writing ManualChessCombVol2.idv[148] (ManualChessCombVol2147x.png)

[307] [308

]
l. 1977 Writing ManualChessCombVol2.idv[149] (ManualChessCombVol2148x.png)
 [309] [310

]
l. 1983 Writing ManualChessCombVol2.idv[150] (ManualChessCombVol2149x.png)
 [311] [312

]
l. 2000 Writing ManualChessCombVol2.idv[151] (ManualChessCombVol2150x.png)
 [313] [314

]
l. 2006 Writing ManualChessCombVol2.idv[152] (ManualChessCombVol2151x.png)
 [315] [316

]
l. 2019 Writing ManualChessCombVol2.idv[153] (ManualChessCombVol2152x.png)
 [317] [318

]
l. 2025 Writing ManualChessCombVol2.idv[154] (ManualChessCombVol2153x.png)

[319] [320

]
l. 2038 Writing ManualChessCombVol2.idv[155] (ManualChessCombVol2154x.png)
 [321] [322

]
l. 2044 Writing ManualChessCombVol2.idv[156] (ManualChessCombVol2155x.png)
 [323] [324

]
l. 2057 Writing ManualChessCombVol2.idv[157] (ManualChessCombVol2156x.png)
 [325] [326

]
l. 2063 Writing ManualChessCombVol2.idv[158] (ManualChessCombVol2157x.png)
 [327] [328

]
l. 2082 Writing ManualChessCombVol2.idv[159] (ManualChessCombVol2158x.png)
 [329] [330

]
l. 2088 Writing ManualChessCombVol2.idv[160] (ManualChessCombVol2159x.png)

[331] [332

]
l. 2101 Writing ManualChessCombVol2.idv[161] (ManualChessCombVol2160x.png)
 [333] [334

]
l. 2107 Writing ManualChessCombVol2.idv[162] (ManualChessCombVol2161x.png)
 [335] [336

]
l. 2124 Writing ManualChessCombVol2.idv[163] (ManualChessCombVol2162x.png)
 [337] [338

]
l. 2130 Writing ManualChessCombVol2.idv[164] (ManualChessCombVol2163x.png)
 [339] [340

]
l. 2143 Writing ManualChessCombVol2.idv[165] (ManualChessCombVol2164x.png)
 [341] [342

]
l. 2149 Writing ManualChessCombVol2.idv[166] (ManualChessCombVol2165x.png)

[343] [344

]
l. 2174 Writing ManualChessCombVol2.idv[167] (ManualChessCombVol2166x.png)
 [345] [346

]
l. 2180 Writing ManualChessCombVol2.idv[168] (ManualChessCombVol2167x.png)
 [347] [348

]
l. 2193 Writing ManualChessCombVol2.idv[169] (ManualChessCombVol2168x.png)
 [349] [350

]
l. 2199 Writing ManualChessCombVol2.idv[170] (ManualChessCombVol2169x.png)
 [351] [352

]
l. 2216 Writing ManualChessCombVol2.idv[171] (ManualChessCombVol2170x.png)
 [353] [354

]
l. 2222 Writing ManualChessCombVol2.idv[172] (ManualChessCombVol2171x.png)

[355] [356

]
l. 2239 Writing ManualChessCombVol2.idv[173] (ManualChessCombVol2172x.png)
 [357] [358

]
l. 2245 Writing ManualChessCombVol2.idv[174] (ManualChessCombVol2173x.png)
 [359] [360

]
l. 2258 Writing ManualChessCombVol2.idv[175] (ManualChessCombVol2174x.png)
 [361] [362

]
l. 2264 Writing ManualChessCombVol2.idv[176] (ManualChessCombVol2175x.png)
 [363] [364

]
l. 2277 Writing ManualChessCombVol2.idv[177] (ManualChessCombVol2176x.png)
 [365] [366

]
l. 2283 Writing ManualChessCombVol2.idv[178] (ManualChessCombVol2177x.png)

[367] [368

]
l. 2309 Writing ManualChessCombVol2.idv[179] (ManualChessCombVol2178x.png)
 [369] [370

]
l. 2315 Writing ManualChessCombVol2.idv[180] (ManualChessCombVol2179x.png)
 [371] [372

]
l. 2328 Writing ManualChessCombVol2.idv[181] (ManualChessCombVol2180x.png)
 [373] [374

]
l. 2334 Writing ManualChessCombVol2.idv[182] (ManualChessCombVol2181x.png)
 [375] [376

]
l. 2356 Writing ManualChessCombVol2.idv[183] (ManualChessCombVol2182x.png)
 [377] [378

]
l. 2362 Writing ManualChessCombVol2.idv[184] (ManualChessCombVol2183x.png)

[379] [380

]
l. 2381 Writing ManualChessCombVol2.idv[185] (ManualChessCombVol2184x.png)
 [381] [382

]
l. 2387 Writing ManualChessCombVol2.idv[186] (ManualChessCombVol2185x.png)
 [383] [384

]
l. 2404 Writing ManualChessCombVol2.idv[187] (ManualChessCombVol2186x.png)
 [385] [386

]
l. 2410 Writing ManualChessCombVol2.idv[188] (ManualChessCombVol2187x.png)
 [387] [388

]
l. 2431 Writing ManualChessCombVol2.idv[189] (ManualChessCombVol2188x.png)
 [389] [390

]
l. 2437 Writing ManualChessCombVol2.idv[190] (ManualChessCombVol2189x.png)

[391] [392

]
l. 2450 Writing ManualChessCombVol2.idv[191] (ManualChessCombVol2190x.png)
 [393] [394

]
l. 2456 Writing ManualChessCombVol2.idv[192] (ManualChessCombVol2191x.png)
 [395] [396

]
l. 2478 Writing ManualChessCombVol2.idv[193] (ManualChessCombVol2192x.png)
 [397] [398

]
l. 2484 Writing ManualChessCombVol2.idv[194] (ManualChessCombVol2193x.png)
 [399] [400

]
l. 2501 Writing ManualChessCombVol2.idv[195] (ManualChessCombVol2194x.png)
 [401] [402

]
l. 2507 Writing ManualChessCombVol2.idv[196] (ManualChessCombVol2195x.png)

[403] [404

]
l. 2520 Writing ManualChessCombVol2.idv[197] (ManualChessCombVol2196x.png)
 [405] [406

]
l. 2526 Writing ManualChessCombVol2.idv[198] (ManualChessCombVol2197x.png)
 [407] [408

]
l. 2549 Writing ManualChessCombVol2.idv[199] (ManualChessCombVol2198x.png)
 [409] [410

]
l. 2555 Writing ManualChessCombVol2.idv[200] (ManualChessCombVol2199x.png)
 [411] [412

]
l. 2579 Writing ManualChessCombVol2.idv[201] (ManualChessCombVol2200x.png)
 [413] [414

]
l. 2585 Writing ManualChessCombVol2.idv[202] (ManualChessCombVol2201x.png)

[415] [416

]
l. 2602 Writing ManualChessCombVol2.idv[203] (ManualChessCombVol2202x.png)
 [417] [418

]
l. 2608 Writing ManualChessCombVol2.idv[204] (ManualChessCombVol2203x.png)
 [419] [420

]
l. 2629 Writing ManualChessCombVol2.idv[205] (ManualChessCombVol2204x.png)
 [421] [422

]
l. 2635 Writing ManualChessCombVol2.idv[206] (ManualChessCombVol2205x.png)
 [423] [424

]
l. 2656 Writing ManualChessCombVol2.idv[207] (ManualChessCombVol2206x.png)
 [425] [426

]
l. 2662 Writing ManualChessCombVol2.idv[208] (ManualChessCombVol2207x.png)

[427] [428

]
l. 2683 Writing ManualChessCombVol2.idv[209] (ManualChessCombVol2208x.png)
 [429] [430

]
l. 2689 Writing ManualChessCombVol2.idv[210] (ManualChessCombVol2209x.png)
 [431] [432

]
l. 2706 Writing ManualChessCombVol2.idv[211] (ManualChessCombVol2210x.png)
 [433] [434

]
l. 2712 Writing ManualChessCombVol2.idv[212] (ManualChessCombVol2211x.png)
 [435] [436

]
l. 2731 Writing ManualChessCombVol2.idv[213] (ManualChessCombVol2212x.png)
 [437] [438

]
l. 2737 Writing ManualChessCombVol2.idv[214] (ManualChessCombVol2213x.png)

[439] [440

]
l. 2754 Writing ManualChessCombVol2.idv[215] (ManualChessCombVol2214x.png)
 [441] [442

]
l. 2760 Writing ManualChessCombVol2.idv[216] (ManualChessCombVol2215x.png)
 [443] [444

]
l. 2781 Writing ManualChessCombVol2.idv[217] (ManualChessCombVol2216x.png)
 [445] [446

]
l. 2787 Writing ManualChessCombVol2.idv[218] (ManualChessCombVol2217x.png)
 [447] [448

]
l. 2810 Writing ManualChessCombVol2.idv[219] (ManualChessCombVol2218x.png)
 [449] [450

]
l. 2816 Writing ManualChessCombVol2.idv[220] (ManualChessCombVol2219x.png)

[451] [452

]
l. 2835 Writing ManualChessCombVol2.idv[221] (ManualChessCombVol2220x.png)
 [453] [454

]
l. 2841 Writing ManualChessCombVol2.idv[222] (ManualChessCombVol2221x.png)
 [455] [456

]
l. 2854 Writing ManualChessCombVol2.idv[223] (ManualChessCombVol2222x.png)
 [457] [458

]
l. 2860 Writing ManualChessCombVol2.idv[224] (ManualChessCombVol2223x.png)
 [459] [460

]
l. 2873 Writing ManualChessCombVol2.idv[225] (ManualChessCombVol2224x.png)
 [461] [462

]
l. 2879 Writing ManualChessCombVol2.idv[226] (ManualChessCombVol2225x.png)

[463] [464

]
l. 2896 Writing ManualChessCombVol2.idv[227] (ManualChessCombVol2226x.png)
 [465] [466

]
l. 2902 Writing ManualChessCombVol2.idv[228] (ManualChessCombVol2227x.png)
 [467] [468

]
l. 2915 Writing ManualChessCombVol2.idv[229] (ManualChessCombVol2228x.png)
 [469] [470

]
l. 2921 Writing ManualChessCombVol2.idv[230] (ManualChessCombVol2229x.png)
 [471] [472

]
l. 2934 Writing ManualChessCombVol2.idv[231] (ManualChessCombVol2230x.png)
 [473] [474

]
l. 2940 Writing ManualChessCombVol2.idv[232] (ManualChessCombVol2231x.png)

[475] [476

]
l. 2971 Writing ManualChessCombVol2.idv[233] (ManualChessCombVol2232x.png)
 [477] [478

]
l. 2977 Writing ManualChessCombVol2.idv[234] (ManualChessCombVol2233x.png)
 [479] [480

]
l. 2995 Writing ManualChessCombVol2.idv[235] (ManualChessCombVol2234x.png)
 [481] [482

]
l. 3001 Writing ManualChessCombVol2.idv[236] (ManualChessCombVol2235x.png)
 [483] [484

]
l. 3022 Writing ManualChessCombVol2.idv[237] (ManualChessCombVol2236x.png)
 [485] [486

]
l. 3028 Writing ManualChessCombVol2.idv[238] (ManualChessCombVol2237x.png)

[487] [488

]
l. 3055 Writing ManualChessCombVol2.idv[239] (ManualChessCombVol2238x.png)
 [489] [490

]
l. 3061 Writing ManualChessCombVol2.idv[240] (ManualChessCombVol2239x.png)
 [491] [492

]
l. 3082 Writing ManualChessCombVol2.idv[241] (ManualChessCombVol2240x.png)
 [493] [494

]
l. 3088 Writing ManualChessCombVol2.idv[242] (ManualChessCombVol2241x.png)
 [495] [496

]
l. 3112 Writing ManualChessCombVol2.idv[243] (ManualChessCombVol2242x.png)
 [497] [498

]
l. 3118 Writing ManualChessCombVol2.idv[244] (ManualChessCombVol2243x.png)

[499] [500

]
l. 3131 Writing ManualChessCombVol2.idv[245] (ManualChessCombVol2244x.png)
 [501] [502

]
l. 3137 Writing ManualChessCombVol2.idv[246] (ManualChessCombVol2245x.png)
 [503] [504

]
l. 3157 Writing ManualChessCombVol2.idv[247] (ManualChessCombVol2246x.png)
 [505] [506

]
l. 3163 Writing ManualChessCombVol2.idv[248] (ManualChessCombVol2247x.png)
 [507] [508

]
l. 3180 Writing ManualChessCombVol2.idv[249] (ManualChessCombVol2248x.png)
 [509] [510

]
l. 3186 Writing ManualChessCombVol2.idv[250] (ManualChessCombVol2249x.png)

[511] [512

]
l. 3207 Writing ManualChessCombVol2.idv[251] (ManualChessCombVol2250x.png)
 [513] [514

]
l. 3213 Writing ManualChessCombVol2.idv[252] (ManualChessCombVol2251x.png)
 [515] [516

]
l. 3230 Writing ManualChessCombVol2.idv[253] (ManualChessCombVol2252x.png)
 [517] [518

]
l. 3236 Writing ManualChessCombVol2.idv[254] (ManualChessCombVol2253x.png)
 [519] [520

]
l. 3253 Writing ManualChessCombVol2.idv[255] (ManualChessCombVol2254x.png)
 [521] [522

]
l. 3259 Writing ManualChessCombVol2.idv[256] (ManualChessCombVol2255x.png)

[523] [524

]
l. 3284 Writing ManualChessCombVol2.idv[257] (ManualChessCombVol2256x.png)
 [525] [526

]
l. 3290 Writing ManualChessCombVol2.idv[258] (ManualChessCombVol2257x.png)
 [527] [528

]
l. 3303 Writing ManualChessCombVol2.idv[259] (ManualChessCombVol2258x.png)
 [529] [530

]
l. 3309 Writing ManualChessCombVol2.idv[260] (ManualChessCombVol2259x.png)
 [531] [532

]
l. 3328 Writing ManualChessCombVol2.idv[261] (ManualChessCombVol2260x.png)
 [533] [534

]
l. 3334 Writing ManualChessCombVol2.idv[262] (ManualChessCombVol2261x.png)

[535] [536

]
l. 3347 Writing ManualChessCombVol2.idv[263] (ManualChessCombVol2262x.png)
 [537] [538

]
l. 3353 Writing ManualChessCombVol2.idv[264] (ManualChessCombVol2263x.png)
 [539] [540

]
l. 3370 Writing ManualChessCombVol2.idv[265] (ManualChessCombVol2264x.png)
 [541] [542

]
l. 3376 Writing ManualChessCombVol2.idv[266] (ManualChessCombVol2265x.png)
 [543] [544

]
l. 3393 Writing ManualChessCombVol2.idv[267] (ManualChessCombVol2266x.png)
 [545] [546

]
l. 3399 Writing ManualChessCombVol2.idv[268] (ManualChessCombVol2267x.png)

[547] [548

]
l. 3412 Writing ManualChessCombVol2.idv[269] (ManualChessCombVol2268x.png)
 [549] [550

]
l. 3418 Writing ManualChessCombVol2.idv[270] (ManualChessCombVol2269x.png)
 [551] [552

]
l. 3439 Writing ManualChessCombVol2.idv[271] (ManualChessCombVol2270x.png)
 [553] [554

]
l. 3445 Writing ManualChessCombVol2.idv[272] (ManualChessCombVol2271x.png)
 [555] [556

]
l. 3466 Writing ManualChessCombVol2.idv[273] (ManualChessCombVol2272x.png)
 [557] [558

]
l. 3472 Writing ManualChessCombVol2.idv[274] (ManualChessCombVol2273x.png)

[559] [560

]
l. 3489 Writing ManualChessCombVol2.idv[275] (ManualChessCombVol2274x.png)
 [561] [562

]
l. 3495 Writing ManualChessCombVol2.idv[276] (ManualChessCombVol2275x.png)
 [563] [564

]
l. 3513 Writing ManualChessCombVol2.idv[277] (ManualChessCombVol2276x.png)
 [565] [566

]
l. 3519 Writing ManualChessCombVol2.idv[278] (ManualChessCombVol2277x.png)
 [567] [568

]
l. 3556 Writing ManualChessCombVol2.idv[279] (ManualChessCombVol2278x.png)
 [569] [570

]
l. 3562 Writing ManualChessCombVol2.idv[280] (ManualChessCombVol2279x.png)

[571] [572

]
l. 3583 Writing ManualChessCombVol2.idv[281] (ManualChessCombVol2280x.png)
 [573] [574

]
l. 3589 Writing ManualChessCombVol2.idv[282] (ManualChessCombVol2281x.png)
 [575] [576

]
l. 3614 Writing ManualChessCombVol2.idv[283] (ManualChessCombVol2282x.png)
 [577] [578

]
l. 3620 Writing ManualChessCombVol2.idv[284] (ManualChessCombVol2283x.png)
 [579] [580

]
l. 3637 Writing ManualChessCombVol2.idv[285] (ManualChessCombVol2284x.png)
 [581] [582

]
l. 3643 Writing ManualChessCombVol2.idv[286] (ManualChessCombVol2285x.png)

[583] [584] [585

]
l. 3680 Writing ManualChessCombVol2.idv[287] (ManualChessCombVol2286x.png)
 [586] [587

]
l. 3686 Writing ManualChessCombVol2.idv[288] (ManualChessCombVol2287x.png)
 [588] [589

]
l. 3703 Writing ManualChessCombVol2.idv[289] (ManualChessCombVol2288x.png)
 [590] [591

]
l. 3709 Writing ManualChessCombVol2.idv[290] (ManualChessCombVol2289x.png)
 [592] [593

]
l. 3726 Writing ManualChessCombVol2.idv[291] (ManualChessCombVol2290x.png)
 [594]
[595

]
l. 3732 Writing ManualChessCombVol2.idv[292] (ManualChessCombVol2291x.png)
 [596] [597

]
l. 3757 Writing ManualChessCombVol2.idv[293] (ManualChessCombVol2292x.png)
 [598] [599

]
l. 3763 Writing ManualChessCombVol2.idv[294] (ManualChessCombVol2293x.png)
 [600] [601

]
l. 3788 Writing ManualChessCombVol2.idv[295] (ManualChessCombVol2294x.png)
 [602] [603

]
l. 3794 Writing ManualChessCombVol2.idv[296] (ManualChessCombVol2295x.png)
 [604] [605

]
l. 3815 Writing ManualChessCombVol2.idv[297] (ManualChessCombVol2296x.png)
 [606]
[607

]
l. 3821 Writing ManualChessCombVol2.idv[298] (ManualChessCombVol2297x.png)
 [608] [609

]
l. 3846 Writing ManualChessCombVol2.idv[299] (ManualChessCombVol2298x.png)
 [610] [611

]
l. 3852 Writing ManualChessCombVol2.idv[300] (ManualChessCombVol2299x.png)
 [612] [613

]
l. 3865 Writing ManualChessCombVol2.idv[301] (ManualChessCombVol2300x.png)
 [614] [615

]
l. 3871 Writing ManualChessCombVol2.idv[302] (ManualChessCombVol2301x.png)
 [616] [617

]
l. 3888 Writing ManualChessCombVol2.idv[303] (ManualChessCombVol2302x.png)
 [618]
[619

]
l. 3894 Writing ManualChessCombVol2.idv[304] (ManualChessCombVol2303x.png)
 [620] [621

]
l. 3911 Writing ManualChessCombVol2.idv[305] (ManualChessCombVol2304x.png)
 [622] [623

]
l. 3917 Writing ManualChessCombVol2.idv[306] (ManualChessCombVol2305x.png)
 [624] [625

]
l. 3938 Writing ManualChessCombVol2.idv[307] (ManualChessCombVol2306x.png)
 [626] [627

]
l. 3944 Writing ManualChessCombVol2.idv[308] (ManualChessCombVol2307x.png)
 [628] [629

]
l. 3961 Writing ManualChessCombVol2.idv[309] (ManualChessCombVol2308x.png)
 [630]
[631

]
l. 3967 Writing ManualChessCombVol2.idv[310] (ManualChessCombVol2309x.png)
 [632] [633

]
l. 3984 Writing ManualChessCombVol2.idv[311] (ManualChessCombVol2310x.png)
 [634] [635

]
l. 3990 Writing ManualChessCombVol2.idv[312] (ManualChessCombVol2311x.png)
 [636] [637

]
l. 4007 Writing ManualChessCombVol2.idv[313] (ManualChessCombVol2312x.png)
 [638] [639

]
l. 4013 Writing ManualChessCombVol2.idv[314] (ManualChessCombVol2313x.png)
 [640] [641

]
l. 4034 Writing ManualChessCombVol2.idv[315] (ManualChessCombVol2314x.png)
 [642]
[643

]
l. 4040 Writing ManualChessCombVol2.idv[316] (ManualChessCombVol2315x.png)
 [644] [645

]
l. 4053 Writing ManualChessCombVol2.idv[317] (ManualChessCombVol2316x.png)
 [646] [647

]
l. 4059 Writing ManualChessCombVol2.idv[318] (ManualChessCombVol2317x.png)
 [648] [649

]
l. 4084 Writing ManualChessCombVol2.idv[319] (ManualChessCombVol2318x.png)
 [650] [651

]
l. 4090 Writing ManualChessCombVol2.idv[320] (ManualChessCombVol2319x.png)
 [652] [653

]
l. 4113 Writing ManualChessCombVol2.idv[321] (ManualChessCombVol2320x.png)
 [654]
[655

]
l. 4119 Writing ManualChessCombVol2.idv[322] (ManualChessCombVol2321x.png)
 [656] [657

]
l. 4144 Writing ManualChessCombVol2.idv[323] (ManualChessCombVol2322x.png)
 [658] [659

]
l. 4150 Writing ManualChessCombVol2.idv[324] (ManualChessCombVol2323x.png)
 [660] [661

]
l. 4171 Writing ManualChessCombVol2.idv[325] (ManualChessCombVol2324x.png)
 [662] [663

]
l. 4177 Writing ManualChessCombVol2.idv[326] (ManualChessCombVol2325x.png)
 [664] [665

]
l. 4198 Writing ManualChessCombVol2.idv[327] (ManualChessCombVol2326x.png)
 [666]
[667

]
l. 4204 Writing ManualChessCombVol2.idv[328] (ManualChessCombVol2327x.png)
 [668] [669

]
l. 4221 Writing ManualChessCombVol2.idv[329] (ManualChessCombVol2328x.png)
 [670] [671

]
l. 4227 Writing ManualChessCombVol2.idv[330] (ManualChessCombVol2329x.png)
 [672] [673

]
l. 4244 Writing ManualChessCombVol2.idv[331] (ManualChessCombVol2330x.png)
 [674] [675

]
l. 4250 Writing ManualChessCombVol2.idv[332] (ManualChessCombVol2331x.png)
 [676] [677

]
l. 4263 Writing ManualChessCombVol2.idv[333] (ManualChessCombVol2332x.png)
 [678]
[679

]
l. 4269 Writing ManualChessCombVol2.idv[334] (ManualChessCombVol2333x.png)
 [680] [681

]
l. 4290 Writing ManualChessCombVol2.idv[335] (ManualChessCombVol2334x.png)
 [682] [683

]
l. 4296 Writing ManualChessCombVol2.idv[336] (ManualChessCombVol2335x.png)
 [684] [685

]
l. 4309 Writing ManualChessCombVol2.idv[337] (ManualChessCombVol2336x.png)
 [686] [687

]
l. 4315 Writing ManualChessCombVol2.idv[338] (ManualChessCombVol2337x.png)
 [688] [689

]
l. 4342 Writing ManualChessCombVol2.idv[339] (ManualChessCombVol2338x.png)
 [690]
[691

]
l. 4348 Writing ManualChessCombVol2.idv[340] (ManualChessCombVol2339x.png)
 [692] [693

]
l. 4367 Writing ManualChessCombVol2.idv[341] (ManualChessCombVol2340x.png)
 [694] [695

]
l. 4373 Writing ManualChessCombVol2.idv[342] (ManualChessCombVol2341x.png)
 [696] [697

]
l. 4386 Writing ManualChessCombVol2.idv[343] (ManualChessCombVol2342x.png)
 [698] [699

]
l. 4392 Writing ManualChessCombVol2.idv[344] (ManualChessCombVol2343x.png)
 [700] [701

]
l. 4413 Writing ManualChessCombVol2.idv[345] (ManualChessCombVol2344x.png)
 [702]
[703

]
l. 4419 Writing ManualChessCombVol2.idv[346] (ManualChessCombVol2345x.png)
 [704] [705

]
l. 4444 Writing ManualChessCombVol2.idv[347] (ManualChessCombVol2346x.png)
 [706] [707

]
l. 4450 Writing ManualChessCombVol2.idv[348] (ManualChessCombVol2347x.png)
 [708] [709

]
l. 4467 Writing ManualChessCombVol2.idv[349] (ManualChessCombVol2348x.png)
 [710] [711

]
l. 4473 Writing ManualChessCombVol2.idv[350] (ManualChessCombVol2349x.png)
 [712] [713

]
l. 4486 Writing ManualChessCombVol2.idv[351] (ManualChessCombVol2350x.png)
 [714]
[715

]
l. 4492 Writing ManualChessCombVol2.idv[352] (ManualChessCombVol2351x.png)
 [716] [717

]
l. 4525 Writing ManualChessCombVol2.idv[353] (ManualChessCombVol2352x.png)
 [718] [719

]
l. 4531 Writing ManualChessCombVol2.idv[354] (ManualChessCombVol2353x.png)
 [720] [721

]
l. 4544 Writing ManualChessCombVol2.idv[355] (ManualChessCombVol2354x.png)
 [722] [723

]
l. 4550 Writing ManualChessCombVol2.idv[356] (ManualChessCombVol2355x.png)
 [724] [725

]
l. 4581 Writing ManualChessCombVol2.idv[357] (ManualChessCombVol2356x.png)
 [726]
[727

]
l. 4587 Writing ManualChessCombVol2.idv[358] (ManualChessCombVol2357x.png)
 [728] [729

]
l. 4608 Writing ManualChessCombVol2.idv[359] (ManualChessCombVol2358x.png)
 [730] [731

]
l. 4614 Writing ManualChessCombVol2.idv[360] (ManualChessCombVol2359x.png)
 [732] [733

]
l. 4635 Writing ManualChessCombVol2.idv[361] (ManualChessCombVol2360x.png)
 [734] [735

]
l. 4641 Writing ManualChessCombVol2.idv[362] (ManualChessCombVol2361x.png)
 [736] [737

]
l. 4662 Writing ManualChessCombVol2.idv[363] (ManualChessCombVol2362x.png)
 [738]
[739

]
l. 4668 Writing ManualChessCombVol2.idv[364] (ManualChessCombVol2363x.png)
 [740] [741

]
l. 4681 Writing ManualChessCombVol2.idv[365] (ManualChessCombVol2364x.png)
 [742] [743

]
l. 4687 Writing ManualChessCombVol2.idv[366] (ManualChessCombVol2365x.png)
 [744] [745

]
l. 4700 Writing ManualChessCombVol2.idv[367] (ManualChessCombVol2366x.png)
 [746] [747

]
l. 4706 Writing ManualChessCombVol2.idv[368] (ManualChessCombVol2367x.png)
 [748] [749

]
l. 4719 Writing ManualChessCombVol2.idv[369] (ManualChessCombVol2368x.png)
 [750]
[751

]
l. 4725 Writing ManualChessCombVol2.idv[370] (ManualChessCombVol2369x.png)
 [752] [753

]
l. 4738 Writing ManualChessCombVol2.idv[371] (ManualChessCombVol2370x.png)
 [754] [755

]
l. 4744 Writing ManualChessCombVol2.idv[372] (ManualChessCombVol2371x.png)
 [756] [757

]
l. 4757 Writing ManualChessCombVol2.idv[373] (ManualChessCombVol2372x.png)
 [758] [759

]
l. 4763 Writing ManualChessCombVol2.idv[374] (ManualChessCombVol2373x.png)
 [760] [761

]
l. 4780 Writing ManualChessCombVol2.idv[375] (ManualChessCombVol2374x.png)
 [762]
[763

]
l. 4786 Writing ManualChessCombVol2.idv[376] (ManualChessCombVol2375x.png)
 [764] [765

]
l. 4799 Writing ManualChessCombVol2.idv[377] (ManualChessCombVol2376x.png)
 [766] [767

]
l. 4805 Writing ManualChessCombVol2.idv[378] (ManualChessCombVol2377x.png)
 [768] [769

]
l. 4818 Writing ManualChessCombVol2.idv[379] (ManualChessCombVol2378x.png)
 [770] [771

]
l. 4824 Writing ManualChessCombVol2.idv[380] (ManualChessCombVol2379x.png)
 [772] [773

]
l. 4837 Writing ManualChessCombVol2.idv[381] (ManualChessCombVol2380x.png)
 [774]
[775

]
l. 4843 Writing ManualChessCombVol2.idv[382] (ManualChessCombVol2381x.png)
 [776] [777

]
l. 4856 Writing ManualChessCombVol2.idv[383] (ManualChessCombVol2382x.png)
 [778] [779

]
l. 4862 Writing ManualChessCombVol2.idv[384] (ManualChessCombVol2383x.png)
 [780] [781

]
l. 4879 Writing ManualChessCombVol2.idv[385] (ManualChessCombVol2384x.png)
 [782] [783

]
l. 4885 Writing ManualChessCombVol2.idv[386] (ManualChessCombVol2385x.png)
 [784] [785

]
l. 4898 Writing ManualChessCombVol2.idv[387] (ManualChessCombVol2386x.png)
 [786]
[787

]
l. 4904 Writing ManualChessCombVol2.idv[388] (ManualChessCombVol2387x.png)
 [788] [789

]
l. 4917 Writing ManualChessCombVol2.idv[389] (ManualChessCombVol2388x.png)
 [790] [791

]
l. 4923 Writing ManualChessCombVol2.idv[390] (ManualChessCombVol2389x.png)
 [792] [793

]
l. 4936 Writing ManualChessCombVol2.idv[391] (ManualChessCombVol2390x.png)
 [794] [795

]
l. 4942 Writing ManualChessCombVol2.idv[392] (ManualChessCombVol2391x.png)
 [796] [797

]
l. 4955 Writing ManualChessCombVol2.idv[393] (ManualChessCombVol2392x.png)
 [798]
[799

]
l. 4961 Writing ManualChessCombVol2.idv[394] (ManualChessCombVol2393x.png)
 [800] [801

]
l. 4974 Writing ManualChessCombVol2.idv[395] (ManualChessCombVol2394x.png)
 [802] [803

]
l. 4980 Writing ManualChessCombVol2.idv[396] (ManualChessCombVol2395x.png)
 [804] [805

]
l. 4993 Writing ManualChessCombVol2.idv[397] (ManualChessCombVol2396x.png)
 [806] [807

]
l. 4999 Writing ManualChessCombVol2.idv[398] (ManualChessCombVol2397x.png)
 [808] [809

] [810]
[811

] (./ManualChessCombVol2.aux)

LaTeX Font Warning: Some font shapes were not available, defaults substituted.

 ) 
Here is how much of TeX's memory you used:
 23995 strings out of 480609
 430937 string characters out of 5903657
 798418 words of memory out of 5000000
 39433 multiletter control sequences out of 15000+600000
 536089 words of font info for 38 fonts, out of 8000000 for 9000
 1141 hyphenation exceptions out of 8191
 101i,8n,182p,1314b,1292s stack positions out of 5000i,500n,10000p,200000b,80000s

Output written on ManualChessCombVol2.dvi (811 pages, 1056332 bytes).
